<?xml version="1.0" encoding="UTF-8"?>
<!-- Generated by org.testng.reporters.JUnitReportReporter -->
<testsuite hostname="AKR" failures="0" tests="2" name="modulardriven.test" time="22.428" errors="0" timestamp="2024-12-09T16:22:04 IST" skipped="1">
  <testcase classname="modulardriven.test" name="deleteServiceType" time="22.428"/>
  <testcase classname="modulardriven.test" name="validateServiceType">
    <skipped/>
  </testcase> <!-- validateServiceType -->
</testsuite> <!-- modulardriven.test -->
