<?xml version="1.0" encoding="UTF-8"?>
<!-- Generated by org.testng.reporters.JUnitReportReporter -->
<testsuite hostname="AKR" failures="0" tests="2" name="modulardriven.test" time="18.415" errors="0" timestamp="2024-12-05T12:22:15 IST" skipped="1">
  <testcase classname="modulardriven.test" name="deleteServiceType" time="18.415"/>
  <testcase classname="modulardriven.test" name="validateServiceType">
    <skipped/>
  </testcase> <!-- validateServiceType -->
</testsuite> <!-- modulardriven.test -->
