<?xml version="1.0" encoding="UTF-8"?>
<!-- Generated by org.testng.reporters.JUnitReportReporter -->
<testsuite hostname="AKR" failures="0" tests="2" name="modulardriven.test" time="27.031" errors="0" timestamp="2024-11-21T11:30:35 IST" skipped="1">
  <testcase classname="modulardriven.test" name="deleteServiceType" time="27.031"/>
  <testcase classname="modulardriven.test" name="validateServiceType">
    <skipped/>
  </testcase> <!-- validateServiceType -->
</testsuite> <!-- modulardriven.test -->
